0 info it worked if it ends with ok
1 verbose cli [ 'C:\\Program Files\\nodejs\\node.exe',
1 verbose cli   'C:\\Program Files\\nodejs\\node_modules\\npm\\bin\\npm-cli.js',
1 verbose cli   'install',
1 verbose cli   '-g',
1 verbose cli   'n',
1 verbose cli   'latest' ]
2 info using npm@3.10.10
3 info using node@v6.11.2
4 silly loadCurrentTree Starting
5 silly install loadCurrentTree
6 silly install readGlobalPackageData
7 silly fetchPackageMetaData n
8 silly fetchPackageMetaData latest
9 silly fetchNamedPackageData n
10 silly mapToRegistry name n
11 silly mapToRegistry using default registry
12 silly mapToRegistry registry https://registry.npmjs.org/
13 silly mapToRegistry data Result {
13 silly mapToRegistry   raw: 'n',
13 silly mapToRegistry   scope: null,
13 silly mapToRegistry   escapedName: 'n',
13 silly mapToRegistry   name: 'n',
13 silly mapToRegistry   rawSpec: '',
13 silly mapToRegistry   spec: 'latest',
13 silly mapToRegistry   type: 'tag' }
14 silly mapToRegistry uri https://registry.npmjs.org/n
15 silly fetchNamedPackageData latest
16 silly mapToRegistry name latest
17 silly mapToRegistry using default registry
18 silly mapToRegistry registry https://registry.npmjs.org/
19 silly mapToRegistry data Result {
19 silly mapToRegistry   raw: 'latest',
19 silly mapToRegistry   scope: null,
19 silly mapToRegistry   escapedName: 'latest',
19 silly mapToRegistry   name: 'latest',
19 silly mapToRegistry   rawSpec: '',
19 silly mapToRegistry   spec: 'latest',
19 silly mapToRegistry   type: 'tag' }
20 silly mapToRegistry uri https://registry.npmjs.org/latest
21 verbose request uri https://registry.npmjs.org/latest
22 verbose request no auth needed
23 info attempt registry request try #1 at 18:23:52
24 verbose request id 80156cfc1fd81e19
25 http request GET https://registry.npmjs.org/latest
26 verbose request uri https://registry.npmjs.org/n
27 verbose request no auth needed
28 info attempt registry request try #1 at 18:23:52
29 verbose etag "5a773bba-1172b"
30 verbose lastModified Sun, 4 Feb 2018 16:58:34 GMT
31 http request GET https://registry.npmjs.org/n
32 http 200 https://registry.npmjs.org/latest
33 verbose headers { 'content-type': 'application/json; charset=UTF-8',
33 verbose headers   server: 'UploadServer',
33 verbose headers   'cache-control': 'max-age=300',
33 verbose headers   'last-modified': 'Thu, 19 Feb 2015 23:48:53 GMT',
33 verbose headers   etag: '"54e67665-1ef0"',
33 verbose headers   'x-npm-region': 'EU-East',
33 verbose headers   'content-encoding': 'gzip',
33 verbose headers   'content-length': '1739',
33 verbose headers   'accept-ranges': 'bytes',
33 verbose headers   date: 'Fri, 09 Feb 2018 15:23:51 GMT',
33 verbose headers   via: '1.1 varnish',
33 verbose headers   age: '7153',
33 verbose headers   connection: 'keep-alive',
33 verbose headers   'x-served-by': 'cache-hhn1540-HHN',
33 verbose headers   'x-cache': 'HIT',
33 verbose headers   'x-cache-hits': '1',
33 verbose headers   'x-timer': 'S1518189831.447901,VS0,VE0',
33 verbose headers   vary: 'Accept-Encoding, Accept' }
34 silly get cb [ 200,
34 silly get   { 'content-type': 'application/json; charset=UTF-8',
34 silly get     server: 'UploadServer',
34 silly get     'cache-control': 'max-age=300',
34 silly get     'last-modified': 'Thu, 19 Feb 2015 23:48:53 GMT',
34 silly get     etag: '"54e67665-1ef0"',
34 silly get     'x-npm-region': 'EU-East',
34 silly get     'content-encoding': 'gzip',
34 silly get     'content-length': '1739',
34 silly get     'accept-ranges': 'bytes',
34 silly get     date: 'Fri, 09 Feb 2018 15:23:51 GMT',
34 silly get     via: '1.1 varnish',
34 silly get     age: '7153',
34 silly get     connection: 'keep-alive',
34 silly get     'x-served-by': 'cache-hhn1540-HHN',
34 silly get     'x-cache': 'HIT',
34 silly get     'x-cache-hits': '1',
34 silly get     'x-timer': 'S1518189831.447901,VS0,VE0',
34 silly get     vary: 'Accept-Encoding, Accept' } ]
35 verbose get saving latest to C:\Users\mredq\AppData\Roaming\npm-cache\registry.npmjs.org\latest\.cache.json
36 verbose correctMkdir C:\Users\mredq\AppData\Roaming\npm-cache correctMkdir not in flight; initializing
37 http 304 https://registry.npmjs.org/n
38 verbose headers { date: 'Fri, 09 Feb 2018 15:23:51 GMT',
38 verbose headers   via: '1.1 varnish',
38 verbose headers   'cache-control': 'max-age=300',
38 verbose headers   etag: '"5a773bba-1172b"',
38 verbose headers   age: '4404',
38 verbose headers   connection: 'keep-alive',
38 verbose headers   'x-served-by': 'cache-hhn1537-HHN',
38 verbose headers   'x-cache': 'HIT',
38 verbose headers   'x-cache-hits': '2',
38 verbose headers   'x-timer': 'S1518189832.544044,VS0,VE0',
38 verbose headers   vary: 'Accept-Encoding, Accept' }
39 silly get cb [ 304,
39 silly get   { date: 'Fri, 09 Feb 2018 15:23:51 GMT',
39 silly get     via: '1.1 varnish',
39 silly get     'cache-control': 'max-age=300',
39 silly get     etag: '"5a773bba-1172b"',
39 silly get     age: '4404',
39 silly get     connection: 'keep-alive',
39 silly get     'x-served-by': 'cache-hhn1537-HHN',
39 silly get     'x-cache': 'HIT',
39 silly get     'x-cache-hits': '2',
39 silly get     'x-timer': 'S1518189832.544044,VS0,VE0',
39 silly get     vary: 'Accept-Encoding, Accept' } ]
40 verbose etag https://registry.npmjs.org/n from cache
41 verbose get saving n to C:\Users\mredq\AppData\Roaming\npm-cache\registry.npmjs.org\n\.cache.json
42 verbose correctMkdir C:\Users\mredq\AppData\Roaming\npm-cache correctMkdir not in flight; initializing
43 silly install normalizeTree
44 silly loadCurrentTree Finishing
45 silly loadIdealTree Starting
46 silly install loadIdealTree
47 silly cloneCurrentTree Starting
48 silly install cloneCurrentTreeToIdealTree
49 silly cloneCurrentTree Finishing
50 silly loadShrinkwrap Starting
51 silly install loadShrinkwrap
52 silly loadShrinkwrap Finishing
53 silly loadAllDepsIntoIdealTree Starting
54 silly install loadAllDepsIntoIdealTree
55 silly rollbackFailedOptional Starting
56 silly rollbackFailedOptional Finishing
57 silly runTopLevelLifecycles Finishing
58 silly install printInstalled
59 verbose stack Error: Unsupported platform for n@2.1.8: wanted {"name":"n","description":"Interactively Manage All Your Node Versions","version":"2.1.8","author":{"name":"TJ Holowaychuk","email":"tj@vision-media.ca"},"homepage":"https://github.com/tj/n","bugs":{"url":"https://github.com/tj/n/issues"},"contributors":[{"name":"Travis Webb","email":"me@traviswebb.com","url":"tjw.io"},{"name":"Nimit Kalra","email":"me@nimit.io","url":"http://nimit.io"},{"name":"Troy Connor","email":"troy0820@gmail.com","url":"https://github.com/troy0820"}],"keywords":["nvm","node","version","manager","switcher","node","binary","env"],"bin":{"n":"./bin/n"},"repository":{"type":"git","url":"git://github.com/tj/n.git"},"preferGlobal":true,"os":["!win32"],"engines":{"node":"*"},"license":"MIT","gitHead":"14ab6ff01f3b673e2e29f465a00e0b29643bb8d9","_id":"n@2.1.8","_npmVersion":"5.0.3","_nodeVersion":"8.1.2","_npmUser":{"name":"troy0820","email":"troy0820@gmail.com"},"dist":{"integrity":"sha512-VN3To6jBHSdTHmv+fT00V1nBdj3MWdcOlEKBEaUtXKRqQhuN289B9Jym9P/L3rXfafAsapmh4Fcr/DUR8DGJVg==","shasum":"9b770f6ae0a93c49c64fb614625a63cc5a22d1fd","tarball":"https://registry.npmjs.org/n/-/n-2.1.8.tgz"},"maintainers":[{"name":"bat","email":"ben@benatkin.com"},{"name":"qw3rtman","email":"me@nimit.io"},{"name":"tedgaydos","email":"tedgaydos@gmail.com"},{"name":"tjholowaychuk","email":"tj@vision-media.ca"},{"name":"tjwebb","email":"me@traviswebb.com"},{"name":"troy0820","email":"troy0820@gmail.com"}],"_npmOperationalInternal":{"host":"s3://npm-registry-packages","tmp":"tmp/n-2.1.8.tgz_1498880450388_0.9696143395267427"},"directories":{},"_from":"n","_resolved":"https://registry.npmjs.org/n/-/n-2.1.8.tgz","_shasum":"9b770f6ae0a93c49c64fb614625a63cc5a22d1fd","_requested":{"raw":"n","scope":null,"escapedName":"n","name":"n","rawSpec":"","spec":"latest","type":"tag"},"_spec":"n","_where":"C:\\Users\\mredq\\Documents\\GitHub\\css-grid-example\\ready-html","_args":[[{"raw":"n","scope":null,"escapedName":"n","name":"n","rawSpec":"","spec":"latest","type":"tag"},"C:\\Users\\mredq\\Documents\\GitHub\\css-grid-example\\ready-html"]],"readme":"ERROR: No README data found!"} (current: {"os":"win32","cpu":"x64"})
59 verbose stack     at checkPlatform (C:\Program Files\nodejs\node_modules\npm\node_modules\npm-install-checks\index.js:45:14)
59 verbose stack     at thenWarnEngineIssues (C:\Program Files\nodejs\node_modules\npm\lib\install\validate-args.js:41:5)
59 verbose stack     at C:\Program Files\nodejs\node_modules\npm\node_modules\iferr\index.js:13:50
59 verbose stack     at checkEngine (C:\Program Files\nodejs\node_modules\npm\node_modules\npm-install-checks\index.js:24:10)
59 verbose stack     at module.exports.isInstallable (C:\Program Files\nodejs\node_modules\npm\lib\install\validate-args.js:38:3)
59 verbose stack     at Array.<anonymous> (C:\Program Files\nodejs\node_modules\npm\node_modules\slide\lib\bind-actor.js:15:8)
59 verbose stack     at LOOP (C:\Program Files\nodejs\node_modules\npm\node_modules\slide\lib\chain.js:15:14)
59 verbose stack     at C:\Program Files\nodejs\node_modules\npm\node_modules\slide\lib\chain.js:18:7
59 verbose stack     at checkSelf (C:\Program Files\nodejs\node_modules\npm\lib\install\validate-args.js:46:72)
59 verbose stack     at Array.<anonymous> (C:\Program Files\nodejs\node_modules\npm\node_modules\slide\lib\bind-actor.js:15:8)
60 verbose pkgid n@2.1.8
61 verbose cwd C:\Users\mredq\Documents\GitHub\css-grid-example\ready-html
62 error Windows_NT 10.0.16299
63 error argv "C:\\Program Files\\nodejs\\node.exe" "C:\\Program Files\\nodejs\\node_modules\\npm\\bin\\npm-cli.js" "install" "-g" "n" "latest"
64 error node v6.11.2
65 error npm  v3.10.10
66 error code EBADPLATFORM
67 error notsup Unsupported platform for n@2.1.8: wanted {"os":"!win32","arch":"any"} (current: {"os":"win32","arch":"x64"})
68 error notsup Valid OS:    !win32
68 error notsup Valid Arch:  any
68 error notsup Actual OS:   win32
68 error notsup Actual Arch: x64
69 verbose exit [ 1, true ]
